
> cooperativa-ugarte-backend@1.0.0 start
> node server.js

🚀 Servidor corriendo en http://localhost:3001
📊 Verificación de salud: http://localhost:3001/api/salud
GET /api/salud
✅ Conectado a PostgreSQL
GET /
GET /favicon.ico
POST /api/auth/login
GET /api/clientes/perfil
GET /api/clientes/dashboard
✅ Conectado a PostgreSQL
✅ Conectado a PostgreSQL
GET /api/clientes/facturas
GET /api/clientes/perfil
GET /api/clientes/dashboard
GET /api/clientes/reclamos
GET /api/clientes/dashboard
GET /api/clientes/perfil
GET /api/clientes/reclamos
GET /api/clientes/reclamos/6
GET /api/clientes/reclamos
GET /api/clientes/dashboard
GET /api/clientes/perfil
✅ Conectado a PostgreSQL
GET /api/clientes/reclamos
GET /api/clientes/reclamos/32
GET /api/clientes/reclamos
GET /api/clientes/perfil
GET /api/clientes/dashboard
POST /api/auth/login
GET /api/operarios/perfil
GET /api/operarios/dashboard
GET /api/operarios/reclamos
